Using pre-set license
Built from '2022.3/staging' branch; Version is '2022.3.62f1 (4af31df58517) revision 4911901'; Using compiler version '192829333'; Build Type 'Release'
OS: 'Windows 11  (10.0.26200) 64bit CoreSingleLanguage' Language: 'en' Physical Memory: 7834 MB
BatchMode: 1, IsHumanControllingUs: 0, StartBugReporterOnCrash: 0, Is64bit: 1, IsPro: 1

COMMAND LINE ARGUMENTS:
C:\Program Files\Unity\Hub\Editor\2022.3.62f1\Editor\Unity.exe
-adb2
-batchMode
-noUpm
-name
AssetImportWorker1
-projectPath
D:/Project/NRO/demo
-logFile
Logs/AssetImportWorker1.log
-srvPort
59216
Successfully changed project path to: D:/Project/NRO/demo
D:/Project/NRO/demo
[UnityMemory] Configuration Parameters - Can be set up in boot.config
    "memorysetup-bucket-allocator-granularity=16"
    "memorysetup-bucket-allocator-bucket-count=8"
    "memorysetup-bucket-allocator-block-size=33554432"
    "memorysetup-bucket-allocator-block-count=8"
    "memorysetup-main-allocator-block-size=16777216"
    "memorysetup-thread-allocator-block-size=16777216"
    "memorysetup-gfx-main-allocator-block-size=16777216"
    "memorysetup-gfx-thread-allocator-block-size=16777216"
    "memorysetup-cache-allocator-block-size=4194304"
    "memorysetup-typetree-allocator-block-size=2097152"
    "memorysetup-profiler-bucket-allocator-granularity=16"
    "memorysetup-profiler-bucket-allocator-bucket-count=8"
    "memorysetup-profiler-bucket-allocator-block-size=33554432"
    "memorysetup-profiler-bucket-allocator-block-count=8"
    "memorysetup-profiler-allocator-block-size=16777216"
    "memorysetup-profiler-editor-allocator-block-size=1048576"
    "memorysetup-temp-allocator-size-main=16777216"
    "memorysetup-job-temp-allocator-block-size=2097152"
    "memorysetup-job-temp-allocator-block-size-background=1048576"
    "memorysetup-job-temp-allocator-reduction-small-platforms=262144"
    "memorysetup-allocator-temp-initial-block-size-main=262144"
    "memorysetup-allocator-temp-initial-block-size-worker=262144"
    "memorysetup-temp-allocator-size-background-worker=32768"
    "memorysetup-temp-allocator-size-job-worker=262144"
    "memorysetup-temp-allocator-size-preload-manager=33554432"
    "memorysetup-temp-allocator-size-nav-mesh-worker=65536"
    "memorysetup-temp-allocator-size-audio-worker=65536"
    "memorysetup-temp-allocator-size-cloud-worker=32768"
    "memorysetup-temp-allocator-size-gi-baking-worker=262144"
    "memorysetup-temp-allocator-size-gfx=262144"
Player connection [22220]  Target information:

Player connection [22220]  * "[IP] 192.168.1.3 [Port] 0 [Flags] 2 [Guid] 3010648384 [EditorId] 3010648384 [Version] 1048832 [Id] WindowsEditor(7,enzeefxnro) [Debug] 1 [PackageName] WindowsEditor [ProjectName] Editor" 

Player connection [22220] Host joined multi-casting on [225.0.0.222:54997]...
Player connection [22220] Host joined alternative multi-casting on [225.0.0.222:34997]...
Input System module state changed to: Initialized.
[PhysX] Initialized MultithreadedTaskDispatcher with 4 workers.
Refreshing native plugins compatible for Editor in 4.05 ms, found 0 plugins.
Preloading 0 native plugins for Editor in 0.00 ms.
Initialize engine version: 2022.3.62f1 (4af31df58517)
[Subsystems] Discovering subsystems at path C:/Program Files/Unity/Hub/Editor/2022.3.62f1/Editor/Data/Resources/UnitySubsystems
[Subsystems] Discovering subsystems at path D:/Project/NRO/demo/Assets
GfxDevice: creating device client; threaded=0; jobified=0
Direct3D:
    Version:  Direct3D 11.0 [level 11.1]
    Renderer: Intel(R) UHD Graphics (ID=0x9a78)
    Vendor:   Intel
    VRAM:     3917 MB
    Driver:   32.0.101.5542
Initialize mono
Mono path[0] = 'C:/Program Files/Unity/Hub/Editor/2022.3.62f1/Editor/Data/Managed'
Mono path[1] = 'C:/Program Files/Unity/Hub/Editor/2022.3.62f1/Editor/Data/MonoBleedingEdge/lib/mono/unityjit-win32'
Mono config path = 'C:/Program Files/Unity/Hub/Editor/2022.3.62f1/Editor/Data/MonoBleedingEdge/etc'
Using monoOptions --debugger-agent=transport=dt_socket,embedding=1,server=y,suspend=n,address=127.0.0.1:56896
Begin MonoManager ReloadAssembly
Registering precompiled unity dll's ...
Register platform support module: C:/Program Files/Unity/Hub/Editor/2022.3.62f1/Editor/Data/PlaybackEngines/AndroidPlayer/UnityEditor.Android.Extensions.dll
Register platform support module: C:/Program Files/Unity/Hub/Editor/2022.3.62f1/Editor/Data/PlaybackEngines/iOSSupport/UnityEditor.iOS.Extensions.dll
Register platform support module: C:/Program Files/Unity/Hub/Editor/2022.3.62f1/Editor/Data/PlaybackEngines/WindowsStandaloneSupport/UnityEditor.WindowsStandalone.Extensions.dll
Registered in 0.025554 seconds.
- Loaded All Assemblies, in  2.413 seconds
Native extension for WindowsStandalone target not found
Native extension for iOS target not found
Native extension for Android target not found
Android Extension - Scanning For ADB Devices 1222 ms
Mono: successfully reloaded assembly
- Finished resetting the current domain, in  3.300 seconds
Domain Reload Profiling: 5712ms
	BeginReloadAssembly (539ms)
		ExecutionOrderSort (0ms)
		DisableScriptedObjects (0ms)
		BackupInstance (0ms)
		ReleaseScriptingObjects (0ms)
		CreateAndSetChildDomain (5ms)
	RebuildCommonClasses (324ms)
	RebuildNativeTypeToScriptingClass (91ms)
	initialDomainReloadingComplete (499ms)
	LoadAllAssembliesAndSetupDomain (955ms)
		LoadAssemblies (530ms)
		RebuildTransferFunctionScriptingTraits (0ms)
		AnalyzeDomain (948ms)
			TypeCache.Refresh (940ms)
				TypeCache.ScanAssembly (866ms)
			ScanForSourceGeneratedMonoScriptInfo (5ms)
			ResolveRequiredComponents (2ms)
	FinalizeReload (3304ms)
		ReleaseScriptCaches (0ms)
		RebuildScriptCaches (0ms)
		SetupLoadedEditorAssemblies (3018ms)
			LogAssemblyErrors (0ms)
			InitializePlatformSupportModulesInManaged (1841ms)
			SetLoadedEditorAssemblies (27ms)
			RefreshPlugins (0ms)
			BeforeProcessingInitializeOnLoad (8ms)
			ProcessInitializeOnLoadAttributes (916ms)
			ProcessInitializeOnLoadMethodAttributes (225ms)
			AfterProcessingInitializeOnLoad (0ms)
			EditorAssembliesLoaded (0ms)
		ExecutionOrderSort2 (0ms)
		AwakeInstancesAfterBackupRestoration (0ms)
========================================================================
Worker process is ready to serve import requests
Caller must complete domain reload
Begin MonoManager ReloadAssembly
- Loaded All Assemblies, in  1.263 seconds
Native extension for WindowsStandalone target not found
Native extension for iOS target not found
Native extension for Android target not found
🔄 Setting default orientation to Landscape (Android & iOS)
UnityEngine.StackTraceUtility:ExtractStackTrace ()
UnityEngine.DebugLogHandler:LogFormat (UnityEngine.LogType,UnityEngine.Object,string,object[])
UnityEngine.Logger:Log (UnityEngine.LogType,object)
UnityEngine.Debug:Log (object)
AutoSetOrientation:SetOrientationSettings () (at Assets/Editor/AutoSetOrientation.cs:35)
AutoSetOrientation:.cctor () (at Assets/Editor/AutoSetOrientation.cs:11)
System.Runtime.CompilerServices.RuntimeHelpers:RunClassConstructor (System.RuntimeTypeHandle)
UnityEditor.EditorAssemblies:ProcessInitializeOnLoadAttributes (System.Type[])

(Filename: Assets/Editor/AutoSetOrientation.cs Line: 35)

Mono: successfully reloaded assembly
- Finished resetting the current domain, in  3.202 seconds
Domain Reload Profiling: 4460ms
	BeginReloadAssembly (529ms)
		ExecutionOrderSort (0ms)
		DisableScriptedObjects (34ms)
		BackupInstance (0ms)
		ReleaseScriptingObjects (0ms)
		CreateAndSetChildDomain (52ms)
	RebuildCommonClasses (66ms)
	RebuildNativeTypeToScriptingClass (36ms)
	initialDomainReloadingComplete (142ms)
	LoadAllAssembliesAndSetupDomain (484ms)
		LoadAssemblies (608ms)
		RebuildTransferFunctionScriptingTraits (0ms)
		AnalyzeDomain (106ms)
			TypeCache.Refresh (95ms)
				TypeCache.ScanAssembly (58ms)
			ScanForSourceGeneratedMonoScriptInfo (7ms)
			ResolveRequiredComponents (1ms)
	FinalizeReload (3203ms)
		ReleaseScriptCaches (0ms)
		RebuildScriptCaches (0ms)
		SetupLoadedEditorAssemblies (2096ms)
			LogAssemblyErrors (0ms)
			InitializePlatformSupportModulesInManaged (463ms)
			SetLoadedEditorAssemblies (53ms)
			RefreshPlugins (0ms)
			BeforeProcessingInitializeOnLoad (250ms)
			ProcessInitializeOnLoadAttributes (1277ms)
			ProcessInitializeOnLoadMethodAttributes (43ms)
			AfterProcessingInitializeOnLoad (9ms)
			EditorAssembliesLoaded (1ms)
		ExecutionOrderSort2 (0ms)
		AwakeInstancesAfterBackupRestoration (11ms)
Launched and connected shader compiler UnityShaderCompiler.exe after 0.09 seconds
Refreshing native plugins compatible for Editor in 0.34 ms, found 0 plugins.
Preloading 0 native plugins for Editor in 0.00 ms.
Unloading 536 Unused Serialized files (Serialized files now loaded: 0)
Unloading 8 unused Assets / (49.3 KB). Loaded Objects now: 1011.
Memory consumption went from 62.6 MB to 62.6 MB.
Total: 3.638200 ms (FindLiveObjects: 0.110500 ms CreateObjectMapping: 0.025600 ms MarkObjects: 3.388900 ms  DeleteObjects: 0.111300 ms)

AssetImportParameters requested are different than current active one (requested -> active):
  custom:video-encoder-webm-vp8: eb34c28f22e8b96e1ab97ce403110664 -> 
  custom:video-decoder-webm-vp8: 9c59270c3fd7afecdb556c50c9e8de78 -> 
  custom:audio-decoder-ogg-vorbis: bf7c407c2cedff20999df2af8eb42d56 -> 
  custom:video-decoder-ogg-theora: a1e56fd34408186e4bbccfd4996cb3dc -> 
  custom:audio-encoder-webm-vorbis: bf7c407c2cedff20999df2af8eb42d56 -> 
  custom:SearchIndexIgnoredProperties: e643bd26f0fe6173181afceb89e7c659 -> 
  custom:container-demuxer-ogg: 62fdf1f143b41e24485cea50d1cbac27 -> 
  custom:AudioImporter_EditorPlatform: d09bf68614088b80899f8185d706f6e7 -> 
  custom:CustomObjectIndexerAttribute: 9a22284fe3817be447336de3de66b15e -> 
  custom:framework-win-MediaFoundation: 216162199b28c13a410421893ffa2e32 -> 
  custom:container-demuxer-webm: 4f35f7cbe854078d1ac9338744f61a02 -> 
  custom:container-muxer-webm: aa71ff27fc2769a1b78a27578f13a17b -> 
========================================================================
Received Import Request.
  Time since last request: 57590.619373 seconds.
  path: Assets/Resources/res/x2/t/2/3.png
  artifactKey: Guid(c54fb5114f2858945920aeac3c98d45d) Importer(815301076,1909f56bfc062723c751e8b465ee728b)
Start importing Assets/Resources/res/x2/t/2/3.png using Guid(c54fb5114f2858945920aeac3c98d45d) Importer(815301076,1909f56bfc062723c751e8b465ee728b) [PhysX] Initialized MultithreadedTaskDispatcher with 4 workers.
[PhysX] Initialized MultithreadedTaskDispatcher with 4 workers.
 -> (artifact id: '25ac137be7298180050e3c627de8d602') in 0.209639 seconds
Number of updated asset objects reloaded before import = 0
Number of asset objects unloaded after import = 3
========================================================================
Received Import Request.
  Time since last request: 0.000049 seconds.
  path: Assets/Resources/res/x4/inven/cam/bg/1.png
  artifactKey: Guid(425fb2db4673a714aa8e6d9068808596) Importer(815301076,1909f56bfc062723c751e8b465ee728b)
Start importing Assets/Resources/res/x4/inven/cam/bg/1.png using Guid(425fb2db4673a714aa8e6d9068808596) Importer(815301076,1909f56bfc062723c751e8b465ee728b) [PhysX] Initialized MultithreadedTaskDispatcher with 4 workers.
[PhysX] Initialized MultithreadedTaskDispatcher with 4 workers.
 -> (artifact id: 'd5a69d82b79405403c8eae204543c7da') in 0.040747 seconds
Number of updated asset objects reloaded before import = 0
Number of asset objects unloaded after import = 3
========================================================================
Received Import Request.
  Time since last request: 0.000288 seconds.
  path: Assets/Resources/res/x3/inven/xanhla/bg/2.png
  artifactKey: Guid(c675d378870f4dd46b9b70b1b4340849) Importer(815301076,1909f56bfc062723c751e8b465ee728b)
Start importing Assets/Resources/res/x3/inven/xanhla/bg/2.png using Guid(c675d378870f4dd46b9b70b1b4340849) Importer(815301076,1909f56bfc062723c751e8b465ee728b) [PhysX] Initialized MultithreadedTaskDispatcher with 4 workers.
[PhysX] Initialized MultithreadedTaskDispatcher with 4 workers.
 -> (artifact id: '7e6e021849953160dae9f4217d5d5811') in 0.030059 seconds
Number of updated asset objects reloaded before import = 0
Number of asset objects unloaded after import = 3
========================================================================
Received Import Request.
  Time since last request: 0.000524 seconds.
  path: Assets/Resources/res/x4/inven/xanhdam/eff/0.png
  artifactKey: Guid(ecb687d4aa5bc7842a281ecbcc16e950) Importer(815301076,1909f56bfc062723c751e8b465ee728b)
Start importing Assets/Resources/res/x4/inven/xanhdam/eff/0.png using Guid(ecb687d4aa5bc7842a281ecbcc16e950) Importer(815301076,1909f56bfc062723c751e8b465ee728b) [PhysX] Initialized MultithreadedTaskDispatcher with 4 workers.
[PhysX] Initialized MultithreadedTaskDispatcher with 4 workers.
 -> (artifact id: '2f9a6478c16daad1cd0f851b03f21e2b') in 0.035643 seconds
Number of updated asset objects reloaded before import = 0
Number of asset objects unloaded after import = 3
========================================================================
Received Import Request.
  Time since last request: 0.000292 seconds.
  path: Assets/Resources/res/x2/inven/xanhdam/eff/2.png
  artifactKey: Guid(9ea8b849df9401247a97ed0a057b8add) Importer(815301076,1909f56bfc062723c751e8b465ee728b)
Start importing Assets/Resources/res/x2/inven/xanhdam/eff/2.png using Guid(9ea8b849df9401247a97ed0a057b8add) Importer(815301076,1909f56bfc062723c751e8b465ee728b) [PhysX] Initialized MultithreadedTaskDispatcher with 4 workers.
[PhysX] Initialized MultithreadedTaskDispatcher with 4 workers.
 -> (artifact id: 'ae318332ba6c4db1854015e44ca03ef8') in 0.039304 seconds
Number of updated asset objects reloaded before import = 0
Number of asset objects unloaded after import = 3
========================================================================
Received Import Request.
  Time since last request: 0.000055 seconds.
  path: Assets/Resources/res/x4/inven/xanhla/eff/2.png
  artifactKey: Guid(638d99158d717754f98df29a6b9cb738) Importer(815301076,1909f56bfc062723c751e8b465ee728b)
Start importing Assets/Resources/res/x4/inven/xanhla/eff/2.png using Guid(638d99158d717754f98df29a6b9cb738) Importer(815301076,1909f56bfc062723c751e8b465ee728b) [PhysX] Initialized MultithreadedTaskDispatcher with 4 workers.
[PhysX] Initialized MultithreadedTaskDispatcher with 4 workers.
 -> (artifact id: '9326e836746eff9723b9e967be8854e1') in 0.121093 seconds
Number of updated asset objects reloaded before import = 0
Number of asset objects unloaded after import = 3
========================================================================
Received Import Request.
  Time since last request: 0.000029 seconds.
  path: Assets/Resources/res/x3/inven/xanhdam/bg/2.png
  artifactKey: Guid(7fb0ee2538a1cc24c8474d7a73197d2b) Importer(815301076,1909f56bfc062723c751e8b465ee728b)
Start importing Assets/Resources/res/x3/inven/xanhdam/bg/2.png using Guid(7fb0ee2538a1cc24c8474d7a73197d2b) Importer(815301076,1909f56bfc062723c751e8b465ee728b) [PhysX] Initialized MultithreadedTaskDispatcher with 4 workers.
[PhysX] Initialized MultithreadedTaskDispatcher with 4 workers.
 -> (artifact id: 'c3895c33026b33bb3cb17020dfaeee23') in 0.050417 seconds
Number of updated asset objects reloaded before import = 0
Number of asset objects unloaded after import = 3
========================================================================
Received Import Request.
  Time since last request: 0.000256 seconds.
  path: Assets/Resources/res/x4/inven/cam/eff/2.png
  artifactKey: Guid(ab8596e630e99f94392f89de24163afd) Importer(815301076,1909f56bfc062723c751e8b465ee728b)
Start importing Assets/Resources/res/x4/inven/cam/eff/2.png using Guid(ab8596e630e99f94392f89de24163afd) Importer(815301076,1909f56bfc062723c751e8b465ee728b) [PhysX] Initialized MultithreadedTaskDispatcher with 4 workers.
[PhysX] Initialized MultithreadedTaskDispatcher with 4 workers.
 -> (artifact id: 'fca92fe23a9123eefd3ec6bc375fa99d') in 0.032769 seconds
Number of updated asset objects reloaded before import = 0
Number of asset objects unloaded after import = 3
========================================================================
Received Import Request.
  Time since last request: 0.000206 seconds.
  path: Assets/Resources/res/x4/inven/cam/bg/2.png
  artifactKey: Guid(3790a821314e4d742ac835f9a1b4757d) Importer(815301076,1909f56bfc062723c751e8b465ee728b)
Start importing Assets/Resources/res/x4/inven/cam/bg/2.png using Guid(3790a821314e4d742ac835f9a1b4757d) Importer(815301076,1909f56bfc062723c751e8b465ee728b) [PhysX] Initialized MultithreadedTaskDispatcher with 4 workers.
[PhysX] Initialized MultithreadedTaskDispatcher with 4 workers.
 -> (artifact id: '73764dc4f0eef914acfc38b3d0d231d5') in 0.033666 seconds
Number of updated asset objects reloaded before import = 0
Number of asset objects unloaded after import = 3
========================================================================
Received Import Request.
  Time since last request: 0.000031 seconds.
  path: Assets/Resources/res/x4/u/3.png
  artifactKey: Guid(7b96a5332b7916b41b15f43894914dd9) Importer(815301076,1909f56bfc062723c751e8b465ee728b)
Start importing Assets/Resources/res/x4/u/3.png using Guid(7b96a5332b7916b41b15f43894914dd9) Importer(815301076,1909f56bfc062723c751e8b465ee728b) [PhysX] Initialized MultithreadedTaskDispatcher with 4 workers.
[PhysX] Initialized MultithreadedTaskDispatcher with 4 workers.
 -> (artifact id: '037ecfa4d4daf49c69d250da5ffca653') in 0.061756 seconds
Number of updated asset objects reloaded before import = 0
Number of asset objects unloaded after import = 3
========================================================================
Received Import Request.
  Time since last request: 0.000674 seconds.
  path: Assets/Resources/res/x4/radar/0.png
  artifactKey: Guid(c324536e058c2bc4eac7faab159ac4ff) Importer(815301076,1909f56bfc062723c751e8b465ee728b)
Start importing Assets/Resources/res/x4/radar/0.png using Guid(c324536e058c2bc4eac7faab159ac4ff) Importer(815301076,1909f56bfc062723c751e8b465ee728b) [PhysX] Initialized MultithreadedTaskDispatcher with 4 workers.
[PhysX] Initialized MultithreadedTaskDispatcher with 4 workers.
 -> (artifact id: 'cdc1acbe7c22a66dbc865dde95868d8f') in 0.059999 seconds
Number of updated asset objects reloaded before import = 0
Number of asset objects unloaded after import = 3
========================================================================
Received Import Request.
  Time since last request: 0.000118 seconds.
  path: Assets/Resources/res/x3/inven/do/eff/0.png
  artifactKey: Guid(d9c6c15a3eb2a7343b5174a97abc16cb) Importer(815301076,1909f56bfc062723c751e8b465ee728b)
Start importing Assets/Resources/res/x3/inven/do/eff/0.png using Guid(d9c6c15a3eb2a7343b5174a97abc16cb) Importer(815301076,1909f56bfc062723c751e8b465ee728b) [PhysX] Initialized MultithreadedTaskDispatcher with 4 workers.
[PhysX] Initialized MultithreadedTaskDispatcher with 4 workers.
 -> (artifact id: '5e222de3902296b24f2847846596f2ad') in 0.017178 seconds
Number of updated asset objects reloaded before import = 0
Number of asset objects unloaded after import = 3
========================================================================
Received Import Request.
  Time since last request: 0.000070 seconds.
  path: Assets/Resources/res/x2/inven/tim/bg/2.png
  artifactKey: Guid(c373c844e78a50f43b53f4fd2380ceba) Importer(815301076,1909f56bfc062723c751e8b465ee728b)
Start importing Assets/Resources/res/x2/inven/tim/bg/2.png using Guid(c373c844e78a50f43b53f4fd2380ceba) Importer(815301076,1909f56bfc062723c751e8b465ee728b) [PhysX] Initialized MultithreadedTaskDispatcher with 4 workers.
[PhysX] Initialized MultithreadedTaskDispatcher with 4 workers.
 -> (artifact id: 'cdfcc408127216b77938028979c81246') in 0.038746 seconds
Number of updated asset objects reloaded before import = 0
Number of asset objects unloaded after import = 3
========================================================================
Received Import Request.
  Time since last request: 0.000030 seconds.
  path: Assets/Resources/res/x2/inven/xanhdam/eff/0.png
  artifactKey: Guid(0a302943611c88741bdd60088df59999) Importer(815301076,1909f56bfc062723c751e8b465ee728b)
Start importing Assets/Resources/res/x2/inven/xanhdam/eff/0.png using Guid(0a302943611c88741bdd60088df59999) Importer(815301076,1909f56bfc062723c751e8b465ee728b) [PhysX] Initialized MultithreadedTaskDispatcher with 4 workers.
[PhysX] Initialized MultithreadedTaskDispatcher with 4 workers.
 -> (artifact id: '87c5bc92493a5b55e08b0282a87b73dd') in 0.050540 seconds
Number of updated asset objects reloaded before import = 0
Number of asset objects unloaded after import = 3
========================================================================
Received Import Request.
  Time since last request: 0.000243 seconds.
  path: Assets/Resources/res/x2/t/3/2.png
  artifactKey: Guid(14c9a7549c4298645be9b8794692514e) Importer(815301076,1909f56bfc062723c751e8b465ee728b)
Start importing Assets/Resources/res/x2/t/3/2.png using Guid(14c9a7549c4298645be9b8794692514e) Importer(815301076,1909f56bfc062723c751e8b465ee728b) [PhysX] Initialized MultithreadedTaskDispatcher with 4 workers.
[PhysX] Initialized MultithreadedTaskDispatcher with 4 workers.
 -> (artifact id: '1551ca4ec22baddfcf403b13b0cdb4c6') in 0.027122 seconds
Number of updated asset objects reloaded before import = 0
Number of asset objects unloaded after import = 3
========================================================================
Received Import Request.
  Time since last request: 0.000037 seconds.
  path: Assets/Resources/res/x4/inven/xanhla/bg/0.png
  artifactKey: Guid(e55fa3fa91a4cf245b47ea4d34a98b5b) Importer(815301076,1909f56bfc062723c751e8b465ee728b)
Start importing Assets/Resources/res/x4/inven/xanhla/bg/0.png using Guid(e55fa3fa91a4cf245b47ea4d34a98b5b) Importer(815301076,1909f56bfc062723c751e8b465ee728b) [PhysX] Initialized MultithreadedTaskDispatcher with 4 workers.
[PhysX] Initialized MultithreadedTaskDispatcher with 4 workers.
 -> (artifact id: 'baef3d6d417b39c74e855577022cdf4e') in 0.029435 seconds
Number of updated asset objects reloaded before import = 0
Number of asset objects unloaded after import = 3
========================================================================
Received Import Request.
  Time since last request: 0.000401 seconds.
  path: Assets/Resources/res/x4/inven/xanhla/bg/2.png
  artifactKey: Guid(b667ad1b3fbc1324aad946c4e1bda282) Importer(815301076,1909f56bfc062723c751e8b465ee728b)
Start importing Assets/Resources/res/x4/inven/xanhla/bg/2.png using Guid(b667ad1b3fbc1324aad946c4e1bda282) Importer(815301076,1909f56bfc062723c751e8b465ee728b) [PhysX] Initialized MultithreadedTaskDispatcher with 4 workers.
[PhysX] Initialized MultithreadedTaskDispatcher with 4 workers.
 -> (artifact id: 'ad3237b8b85a30be0abb725e75bb69fd') in 0.088169 seconds
Number of updated asset objects reloaded before import = 0
Number of asset objects unloaded after import = 3
========================================================================
Received Import Request.
  Time since last request: 0.001290 seconds.
  path: Assets/Resources/res/x4/inven/tim/eff/2.png
  artifactKey: Guid(e54e96056f832824f866c48f370197b8) Importer(815301076,1909f56bfc062723c751e8b465ee728b)
Start importing Assets/Resources/res/x4/inven/tim/eff/2.png using Guid(e54e96056f832824f866c48f370197b8) Importer(815301076,1909f56bfc062723c751e8b465ee728b) [PhysX] Initialized MultithreadedTaskDispatcher with 4 workers.
[PhysX] Initialized MultithreadedTaskDispatcher with 4 workers.
 -> (artifact id: '952f3a2315bb4f00445fe46885f60456') in 0.092065 seconds
Number of updated asset objects reloaded before import = 0
Number of asset objects unloaded after import = 3
========================================================================
Received Prepare
Refreshing native plugins compatible for Editor in 0.24 ms, found 0 plugins.
Preloading 0 native plugins for Editor in 0.00 ms.
Unloading 0 Unused Serialized files (Serialized files now loaded: 0)
Unloading 1 unused Assets / (0.9 KB). Loaded Objects now: 1033.
Memory consumption went from 57.7 MB to 57.7 MB.
Total: 3.620000 ms (FindLiveObjects: 0.112200 ms CreateObjectMapping: 0.024900 ms MarkObjects: 3.455000 ms  DeleteObjects: 0.026400 ms)

Prepare: number of updated asset objects reloaded= 0
AssetImportParameters requested are different than current active one (requested -> active):
  custom:video-encoder-webm-vp8: eb34c28f22e8b96e1ab97ce403110664 -> 
  custom:video-decoder-webm-vp8: 9c59270c3fd7afecdb556c50c9e8de78 -> 
  custom:audio-decoder-ogg-vorbis: bf7c407c2cedff20999df2af8eb42d56 -> 
  custom:video-decoder-ogg-theora: a1e56fd34408186e4bbccfd4996cb3dc -> 
  custom:audio-encoder-webm-vorbis: bf7c407c2cedff20999df2af8eb42d56 -> 
  custom:SearchIndexIgnoredProperties: e643bd26f0fe6173181afceb89e7c659 -> 
  custom:container-demuxer-ogg: 62fdf1f143b41e24485cea50d1cbac27 -> 
  custom:AudioImporter_EditorPlatform: d09bf68614088b80899f8185d706f6e7 -> 
  custom:CustomObjectIndexerAttribute: 9a22284fe3817be447336de3de66b15e -> 
  custom:framework-win-MediaFoundation: 216162199b28c13a410421893ffa2e32 -> 
  custom:container-demuxer-webm: 4f35f7cbe854078d1ac9338744f61a02 -> 
  custom:container-muxer-webm: aa71ff27fc2769a1b78a27578f13a17b -> 
Editor requested this worker to shutdown with reason: Scaling down because of idle timeout
